<?xml version="1.0" encoding="UTF-8"?>
<coverage generated="1772881173792" clover="3.2.0">
  <project timestamp="1772881173792" name="All files">
    <metrics statements="7" coveredstatements="6" conditionals="3" coveredconditionals="2" methods="2" coveredmethods="2" elements="12" coveredelements="10" complexity="0" loc="7" ncloc="7" packages="1" files="2" classes="2"/>
    <file name="ClientError.js" path="/home/aji-sutiono/Project/Express/kost-management-api/src/Commons/exceptions/ClientError.js">
      <metrics statements="5" coveredstatements="4" conditionals="3" coveredconditionals="2" methods="1" coveredmethods="1"/>
      <line num="3" count="1" type="stmt"/>
      <line num="5" count="1" type="cond" truecount="1" falsecount="1"/>
      <line num="6" count="0" type="stmt"/>
      <line num="9" count="1" type="stmt"/>
      <line num="10" count="1" type="stmt"/>
    </file>
    <file name="NotFoundError.js" path="/home/aji-sutiono/Project/Express/kost-management-api/src/Commons/exceptions/NotFoundError.js">
      <metrics statements="2" coveredstatements="2" conditionals="0" coveredconditionals="0" methods="1" coveredmethods="1"/>
      <line num="5" count="1" type="stmt"/>
      <line num="6" count="1" type="stmt"/>
    </file>
  </project>
</coverage>
